<?xml version="1.0" encoding="UTF-8"?>
<!-- Generated by org.testng.reporters.JUnitReportReporter -->
<testsuite hostname="freynaud-VirtualBox" name="Demo" tests="2" failures="0" timestamp="10 Nov 2011 14:44:56 GMT" time="37.397" errors="0">
  <testcase name="testParallel" time="12.689" classname="Demo"/>
  <testcase name="testParallel" time="24.708" classname="Demo"/>
</testsuite>
