<?xml version="1.0" encoding="UTF-8"?>
<!-- Generated by org.testng.reporters.JUnitReportReporter -->
<testsuite hostname="ubuntu" name="Demo" tests="1" failures="0" timestamp="23 Oct 2011 23:09:47 GMT" time="10.974" errors="0">
  <testcase name="test" time="10.974" classname="Demo"/>
</testsuite>
