<?xml version="1.0" encoding="UTF-8"?>
<!-- Generated by org.testng.reporters.JUnitReportReporter -->
<testsuite hostname="freynaud-VirtualBox" name="Demo" tests="2" failures="0" timestamp="10 Nov 2011 13:25:24 GMT" time="61.051" errors="0">
  <testcase name="testParallel" time="28.384" classname="Demo"/>
  <testcase name="testParallel" time="32.667" classname="Demo"/>
</testsuite>
